<?xml version="1.0" encoding="UTF-8"?>
<testng-results ignored="0" total="1" passed="1" failed="0" skipped="0">
  <reporter-output>
  </reporter-output>
  <suite started-at="2022-11-24T21:24:46 IST" name="Default suite" finished-at="2022-11-24T21:24:54 IST" duration-ms="8348">
    <groups>
    </groups>
    <test started-at="2022-11-24T21:24:46 IST" name="Default test" finished-at="2022-11-24T21:24:54 IST" duration-ms="8348">
      <class name="com.TestLayer.CompaniesPageTest">
        <test-method signature="m1()[pri:0, instance:com.TestLayer.CompaniesPageTest@3232a28a]" started-at="2022-11-24T21:24:46 IST" name="m1" finished-at="2022-11-24T21:24:54 IST" duration-ms="8300" status="PASS">
          <reporter-output>
          </reporter-output>
        </test-method> <!-- m1 -->
      </class> <!-- com.TestLayer.CompaniesPageTest -->
    </test> <!-- Default test -->
  </suite> <!-- Default suite -->
</testng-results>
